[0m16:59:08.560856 [debug] [MainThread]: Sending event: {'category': 'dbt', 'action': 'invocation', 'label': 'start', 'context': [<snowplow_tracker.self_describing_json.SelfDescribingJson object at 0x7fd36adf8ee0>, <snowplow_tracker.self_describing_json.SelfDescribingJson object at 0x7fd36b578520>, <snowplow_tracker.self_describing_json.SelfDescribingJson object at 0x7fd36b578550>]}


============================== 16:59:08.563890 | b4a7a623-3467-403a-a156-ee3b0c9ae38d ==============================
[0m16:59:08.563890 [info ] [MainThread]: Running with dbt=1.7.9
[0m16:59:08.564374 [debug] [MainThread]: running dbt with arguments {'printer_width': '80', 'indirect_selection': 'eager', 'write_json': 'True', 'log_cache_events': 'False', 'partial_parse': 'True', 'cache_selected_only': 'False', 'profiles_dir': '/home/junior/.dbt', 'version_check': 'True', 'fail_fast': 'False', 'log_path': 'logs', 'warn_error': 'None', 'debug': 'False', 'use_colors': 'True', 'use_experimental_parser': 'False', 'no_print': 'None', 'quiet': 'False', 'log_format': 'default', 'introspect': 'True', 'invocation_command': 'dbt init my_project_dbt', 'warn_error_options': 'WarnErrorOptions(include=[], exclude=[])', 'target_path': 'None', 'static_parser': 'True', 'send_anonymous_usage_stats': 'True'}
[0m16:59:08.564858 [warn ] [MainThread]: [ConfigFolderDirectory]: Unable to parse dict {'dir': PosixPath('/home/junior/.dbt')}
[0m16:59:08.565337 [info ] [MainThread]: Creating dbt configuration folder at 
[0m16:59:08.566589 [debug] [MainThread]: Starter project path: /home/junior/projetos/venv-flask/lib/python3.8/site-packages/dbt/include/starter_project
[0m16:59:08.569966 [info ] [MainThread]: 
Your new dbt project "my_project_dbt" was created!

For more information on how to configure the profiles.yml file,
please consult the dbt documentation here:

  https://docs.getdbt.com/docs/configure-your-profile

One more thing:

Need help? Don't hesitate to reach out to us via GitHub issues or on Slack:

  https://community.getdbt.com/

Happy modeling!

[0m16:59:08.570393 [info ] [MainThread]: Setting up your profile.
[0m16:59:08.570993 [error] [MainThread]: Encountered an error:
Runtime Error
  No adapters available. Learn how to install an adapter by going to https://docs.getdbt.com/docs/connect-adapters#install-using-the-cli
[0m16:59:08.572553 [debug] [MainThread]: Sending event: {'category': 'dbt', 'action': 'invocation', 'label': 'end', 'context': [<snowplow_tracker.self_describing_json.SelfDescribingJson object at 0x7fd36adf8ee0>, <snowplow_tracker.self_describing_json.SelfDescribingJson object at 0x7fd36b5788e0>, <snowplow_tracker.self_describing_json.SelfDescribingJson object at 0x7fd36b578fa0>]}
[0m16:59:08.572919 [debug] [MainThread]: Flushing usage events
Test log entry
Test log entry
Test log entry
Test log entry
Test log entry
Test log entry for dbt
[0m23:13:37.748066 [debug] [MainThread]: Sending event: {'category': 'dbt', 'action': 'invocation', 'label': 'start', 'context': [<snowplow_tracker.self_describing_json.SelfDescribingJson object at 0x7f743582b1f0>, <snowplow_tracker.self_describing_json.SelfDescribingJson object at 0x7f74344345b0>, <snowplow_tracker.self_describing_json.SelfDescribingJson object at 0x7f7434434520>]}


============================== 23:13:37.752100 | a2acecb9-8ed5-4009-98a8-4441f0ebba80 ==============================
[0m23:13:37.752100 [info ] [MainThread]: Running with dbt=1.5.0
[0m23:13:37.752763 [debug] [MainThread]: running dbt with arguments {'printer_width': '80', 'indirect_selection': 'eager', 'log_cache_events': 'False', 'write_json': 'True', 'partial_parse': 'True', 'cache_selected_only': 'False', 'warn_error': 'None', 'debug': 'False', 'profiles_dir': 'profiles', 'log_path': 'logs', 'version_check': 'True', 'fail_fast': 'False', 'use_colors': 'True', 'use_experimental_parser': 'False', 'no_print': 'None', 'quiet': 'False', 'log_format': 'default', 'introspect': 'True', 'warn_error_options': 'WarnErrorOptions(include=[], exclude=[])', 'static_parser': 'True', 'target_path': 'None', 'send_anonymous_usage_stats': 'True'}
[0m23:13:37.753200 [info ] [MainThread]: dbt version: 1.5.0
[0m23:13:37.753605 [info ] [MainThread]: python version: 3.8.10
[0m23:13:37.754062 [info ] [MainThread]: python path: /home/junior/projetos/venv-dbt/bin/python3
[0m23:13:37.754504 [info ] [MainThread]: os info: Linux-5.15.153.1-microsoft-standard-WSL2-x86_64-with-glibc2.29
[0m23:13:37.754927 [info ] [MainThread]: Using profiles.yml file at profiles/profiles.yml
[0m23:13:37.755354 [info ] [MainThread]: Using dbt_project.yml file at /home/junior/projetos/dbt_new_project/dbt_project.yml
[0m23:13:37.755806 [info ] [MainThread]: Configuration:
[0m23:13:37.756272 [info ] [MainThread]:   profiles.yml file [[31mERROR not found[0m]
[0m23:13:37.757030 [info ] [MainThread]:   dbt_project.yml file [[31mERROR not found[0m]
[0m23:13:37.757645 [info ] [MainThread]: Required dependencies:
[0m23:13:37.760434 [debug] [MainThread]: Executing "git --help"
[0m23:13:37.766974 [debug] [MainThread]: STDOUT: "b"usage: git [--version] [--help] [-C <path>] [-c <name>=<value>]\n           [--exec-path[=<path>]] [--html-path] [--man-path] [--info-path]\n           [-p | --paginate | -P | --no-pager] [--no-replace-objects] [--bare]\n           [--git-dir=<path>] [--work-tree=<path>] [--namespace=<name>]\n           <command> [<args>]\n\nThese are common Git commands used in various situations:\n\nstart a working area (see also: git help tutorial)\n   clone             Clone a repository into a new directory\n   init              Create an empty Git repository or reinitialize an existing one\n\nwork on the current change (see also: git help everyday)\n   add               Add file contents to the index\n   mv                Move or rename a file, a directory, or a symlink\n   restore           Restore working tree files\n   rm                Remove files from the working tree and from the index\n   sparse-checkout   Initialize and modify the sparse-checkout\n\nexamine the history and state (see also: git help revisions)\n   bisect            Use binary search to find the commit that introduced a bug\n   diff              Show changes between commits, commit and working tree, etc\n   grep              Print lines matching a pattern\n   log               Show commit logs\n   show              Show various types of objects\n   status            Show the working tree status\n\ngrow, mark and tweak your common history\n   branch            List, create, or delete branches\n   commit            Record changes to the repository\n   merge             Join two or more development histories together\n   rebase            Reapply commits on top of another base tip\n   reset             Reset current HEAD to the specified state\n   switch            Switch branches\n   tag               Create, list, delete or verify a tag object signed with GPG\n\ncollaborate (see also: git help workflows)\n   fetch             Download objects and refs from another repository\n   pull              Fetch from and integrate with another repository or a local branch\n   push              Update remote refs along with associated objects\n\n'git help -a' and 'git help -g' list available subcommands and some\nconcept guides. See 'git help <command>' or 'git help <concept>'\nto read about a specific subcommand or concept.\nSee 'git help git' for an overview of the system.\n""
[0m23:13:37.768198 [debug] [MainThread]: STDERR: "b''"
[0m23:13:37.768838 [info ] [MainThread]:  - git [[32mOK found[0m]

[0m23:13:37.769650 [info ] [MainThread]: [31m1 check failed:[0m
[0m23:13:37.770439 [info ] [MainThread]: dbt looked for a profiles.yml file in profiles/profiles.yml, but did
not find one. For more information on configuring your profile, consult the
documentation:

https://docs.getdbt.com/docs/configure-your-profile


[0m23:13:37.772508 [debug] [MainThread]: Command `dbt debug` failed at 23:13:37.772074 after 0.04 seconds
[0m23:13:37.773454 [debug] [MainThread]: Sending event: {'category': 'dbt', 'action': 'invocation', 'label': 'end', 'context': [<snowplow_tracker.self_describing_json.SelfDescribingJson object at 0x7f743582b1f0>, <snowplow_tracker.self_describing_json.SelfDescribingJson object at 0x7f7437964f40>, <snowplow_tracker.self_describing_json.SelfDescribingJson object at 0x7f74344345b0>]}
[0m23:13:37.774129 [debug] [MainThread]: Flushing usage events
[0m17:05:07.846674 [debug] [MainThread]: Sending event: {'category': 'dbt', 'action': 'invocation', 'label': 'start', 'context': [<snowplow_tracker.self_describing_json.SelfDescribingJson object at 0x7f523d7363a0>, <snowplow_tracker.self_describing_json.SelfDescribingJson object at 0x7f523caaa400>, <snowplow_tracker.self_describing_json.SelfDescribingJson object at 0x7f523bf1c340>]}


============================== 17:05:07.850476 | 034cfa81-21a0-47d0-b2df-6b9ea4896f0f ==============================
[0m17:05:07.850476 [info ] [MainThread]: Running with dbt=1.8.3
[0m17:05:07.851094 [debug] [MainThread]: running dbt with arguments {'printer_width': '80', 'indirect_selection': 'eager', 'log_cache_events': 'False', 'write_json': 'True', 'partial_parse': 'True', 'cache_selected_only': 'False', 'profiles_dir': '/home/junior/.dbt', 'version_check': 'True', 'warn_error': 'None', 'log_path': 'logs', 'fail_fast': 'False', 'debug': 'False', 'use_colors': 'True', 'use_experimental_parser': 'False', 'empty': 'None', 'quiet': 'False', 'no_print': 'None', 'log_format': 'default', 'static_parser': 'True', 'warn_error_options': 'WarnErrorOptions(include=[], exclude=[])', 'invocation_command': 'dbt debug', 'target_path': 'None', 'introspect': 'True', 'send_anonymous_usage_stats': 'True'}
[0m17:05:07.860657 [info ] [MainThread]: dbt version: 1.8.3
[0m17:05:07.861315 [info ] [MainThread]: python version: 3.8.10
[0m17:05:07.861917 [info ] [MainThread]: python path: /home/junior/projetos/venv-dbt/bin/python3
[0m17:05:07.862414 [info ] [MainThread]: os info: Linux-5.15.153.1-microsoft-standard-WSL2-x86_64-with-glibc2.29
[0m17:05:08.501870 [info ] [MainThread]: Using profiles dir at /home/junior/.dbt
[0m17:05:08.502552 [info ] [MainThread]: Using profiles.yml file at /home/junior/.dbt/profiles.yml
[0m17:05:08.503069 [info ] [MainThread]: Using dbt_project.yml file at /home/junior/projetos/dbt_snowflake/dbt_project.yml
[0m17:05:08.503609 [error] [MainThread]: Encountered an error:
Internal Error
  Profile should not be None if loading profile completed
[0m17:05:08.506897 [debug] [MainThread]: Resource report: {"command_name": "debug", "command_wall_clock_time": 0.73659796, "process_user_time": 1.836639, "process_kernel_time": 1.270755, "process_mem_max_rss": "156016", "process_in_blocks": "24", "process_out_blocks": "8", "command_success": false}
[0m17:05:08.507464 [debug] [MainThread]: Command `dbt debug` failed at 17:05:08.507361 after 0.74 seconds
[0m17:05:08.507869 [debug] [MainThread]: Sending event: {'category': 'dbt', 'action': 'invocation', 'label': 'end', 'context': [<snowplow_tracker.self_describing_json.SelfDescribingJson object at 0x7f523d7363a0>, <snowplow_tracker.self_describing_json.SelfDescribingJson object at 0x7f523888efa0>, <snowplow_tracker.self_describing_json.SelfDescribingJson object at 0x7f523bd29d30>]}
[0m17:05:08.508269 [debug] [MainThread]: Flushing usage events
[0m17:05:26.193807 [debug] [MainThread]: Sending event: {'category': 'dbt', 'action': 'invocation', 'label': 'start', 'context': [<snowplow_tracker.self_describing_json.SelfDescribingJson object at 0x7f987ac6e8b0>, <snowplow_tracker.self_describing_json.SelfDescribingJson object at 0x7f98793d01f0>, <snowplow_tracker.self_describing_json.SelfDescribingJson object at 0x7f98793fbeb0>]}


============================== 17:05:26.197199 | 362d85d9-8834-44aa-ba4d-4cbbc1a7734d ==============================
[0m17:05:26.197199 [info ] [MainThread]: Running with dbt=1.8.3
[0m17:05:26.197806 [debug] [MainThread]: running dbt with arguments {'printer_width': '80', 'indirect_selection': 'eager', 'write_json': 'True', 'log_cache_events': 'False', 'partial_parse': 'True', 'cache_selected_only': 'False', 'warn_error': 'None', 'debug': 'False', 'profiles_dir': 'my_project_dbt/profiles/', 'log_path': 'logs', 'version_check': 'True', 'fail_fast': 'False', 'use_colors': 'True', 'use_experimental_parser': 'False', 'empty': 'None', 'quiet': 'False', 'no_print': 'None', 'log_format': 'default', 'static_parser': 'True', 'invocation_command': 'dbt debug --profiles-dir my_project_dbt/profiles/', 'introspect': 'True', 'target_path': 'None', 'warn_error_options': 'WarnErrorOptions(include=[], exclude=[])', 'send_anonymous_usage_stats': 'True'}
[0m17:05:26.206701 [info ] [MainThread]: dbt version: 1.8.3
[0m17:05:26.207521 [info ] [MainThread]: python version: 3.8.10
[0m17:05:26.209316 [info ] [MainThread]: python path: /home/junior/projetos/venv-dbt/bin/python3
[0m17:05:26.210305 [info ] [MainThread]: os info: Linux-5.15.153.1-microsoft-standard-WSL2-x86_64-with-glibc2.29
[0m17:05:26.692186 [info ] [MainThread]: target not specified in profile 'elementary', using 'default'
[0m17:05:26.693151 [info ] [MainThread]: Using profiles dir at my_project_dbt/profiles/
[0m17:05:26.693571 [info ] [MainThread]: Using profiles.yml file at my_project_dbt/profiles/profiles.yml
[0m17:05:26.693982 [info ] [MainThread]: Using dbt_project.yml file at /home/junior/projetos/dbt_snowflake/dbt_project.yml
[0m17:05:26.694481 [info ] [MainThread]: Configuration:
[0m17:05:26.694897 [info ] [MainThread]:   profiles.yml file [[31mERROR invalid[0m]
[0m17:05:26.695291 [info ] [MainThread]:   dbt_project.yml file [[31mERROR not found[0m]
[0m17:05:26.695680 [info ] [MainThread]: Required dependencies:
[0m17:05:26.696123 [debug] [MainThread]: Executing "git --help"
[0m17:05:26.701720 [debug] [MainThread]: STDOUT: "b"usage: git [--version] [--help] [-C <path>] [-c <name>=<value>]\n           [--exec-path[=<path>]] [--html-path] [--man-path] [--info-path]\n           [-p | --paginate | -P | --no-pager] [--no-replace-objects] [--bare]\n           [--git-dir=<path>] [--work-tree=<path>] [--namespace=<name>]\n           <command> [<args>]\n\nThese are common Git commands used in various situations:\n\nstart a working area (see also: git help tutorial)\n   clone             Clone a repository into a new directory\n   init              Create an empty Git repository or reinitialize an existing one\n\nwork on the current change (see also: git help everyday)\n   add               Add file contents to the index\n   mv                Move or rename a file, a directory, or a symlink\n   restore           Restore working tree files\n   rm                Remove files from the working tree and from the index\n   sparse-checkout   Initialize and modify the sparse-checkout\n\nexamine the history and state (see also: git help revisions)\n   bisect            Use binary search to find the commit that introduced a bug\n   diff              Show changes between commits, commit and working tree, etc\n   grep              Print lines matching a pattern\n   log               Show commit logs\n   show              Show various types of objects\n   status            Show the working tree status\n\ngrow, mark and tweak your common history\n   branch            List, create, or delete branches\n   commit            Record changes to the repository\n   merge             Join two or more development histories together\n   rebase            Reapply commits on top of another base tip\n   reset             Reset current HEAD to the specified state\n   switch            Switch branches\n   tag               Create, list, delete or verify a tag object signed with GPG\n\ncollaborate (see also: git help workflows)\n   fetch             Download objects and refs from another repository\n   pull              Fetch from and integrate with another repository or a local branch\n   push              Update remote refs along with associated objects\n\n'git help -a' and 'git help -g' list available subcommands and some\nconcept guides. See 'git help <command>' or 'git help <concept>'\nto read about a specific subcommand or concept.\nSee 'git help git' for an overview of the system.\n""
[0m17:05:26.702621 [debug] [MainThread]: STDERR: "b''"
[0m17:05:26.703136 [info ] [MainThread]:  - git [[32mOK found[0m]

[0m17:05:26.703734 [info ] [MainThread]: Connection test skipped since no profile was found
[0m17:05:26.704370 [info ] [MainThread]: [31m2 checks failed:[0m
[0m17:05:26.704796 [info ] [MainThread]: Could not load dbt_project.yml
Profile loading failed for the following reason:
Runtime Error
  The profile 'elementary' does not have a target named 'default'. The valid target names for this profile are:
   - elementary_dev


[0m17:05:26.705210 [info ] [MainThread]: Project loading failed for the following reason:
 project path </home/junior/projetos/dbt_snowflake/dbt_project.yml> not found

[0m17:05:26.706323 [debug] [MainThread]: Resource report: {"command_name": "debug", "command_wall_clock_time": 0.5836733, "process_user_time": 1.980224, "process_kernel_time": 0.770087, "process_mem_max_rss": "154256", "process_out_blocks": "24", "command_success": false, "process_in_blocks": "0"}
[0m17:05:26.707011 [debug] [MainThread]: Command `dbt debug` failed at 17:05:26.706882 after 0.58 seconds
[0m17:05:26.707496 [debug] [MainThread]: Sending event: {'category': 'dbt', 'action': 'invocation', 'label': 'end', 'context': [<snowplow_tracker.self_describing_json.SelfDescribingJson object at 0x7f987ac6e8b0>, <snowplow_tracker.self_describing_json.SelfDescribingJson object at 0x7f98791800d0>, <snowplow_tracker.self_describing_json.SelfDescribingJson object at 0x7f9875d77b80>]}
[0m17:05:26.708066 [debug] [MainThread]: Flushing usage events
